{
"/Users/Tobi/development/smart-football-table-ui/src/polyfills.ts":{"path":"/Users/Tobi/development/smart-football-table-ui/src/polyfills.ts","statementMap":{},"fnMap":{},"branchMap":{},"s":{},"f":{},"b":{},"inputSourceMap":{"version":3,"file":"polyfills.js","sourceRoot":"","sources":["/Users/Tobi/development/smart-football-table-ui/src/polyfills.ts"],"names":[],"mappings":"AAAA;;;;;;;;;;;;;;GAcG;AAEH;;GAEG;AAEH;;GAEG;AAEH,+BAA+B;AAC/B,+BAA+B;AAC/B,iCAAiC;AACjC,kCAAkC;AAClC,oCAAoC;AACpC,+BAA+B;AAC/B,6BAA6B;AAC7B,+BAA+B;AAC/B,6BAA6B;AAC7B,8BAA8B;AAC9B,+BAA+B;AAC/B,4BAA4B;AAC5B,iCAAiC;AACjC,4BAA4B;AAE5B,+EAA+E;AAC/E,oEAAoE;AAEpE,gEAAgE;AAChE,gCAAgC;AAEhC;;;;GAIG;AACH,8EAA8E;AAE9E;;;;;;;;;;;;;;;;;;;;;;GAsBG;AAEH;;GAEG;AACH,OAAO,mBAAmB,CAAC,CAAE,6BAA6B;AAG1D;;GAEG","sourcesContent":["/**\n * This file includes polyfills needed by Angular and is loaded before the app.\n * You can add your own extra polyfills to this file.\n *\n * This file is divided into 2 sections:\n *   1. Browser polyfills. These are applied before loading ZoneJS and are sorted by browsers.\n *   2. Application imports. Files imported after ZoneJS that should be loaded before your main\n *      file.\n *\n * The current setup is for so-called \"evergreen\" browsers; the last versions of browsers that\n * automatically update themselves. This includes Safari >= 10, Chrome >= 55 (including Opera),\n * Edge >= 13 on the desktop, and iOS 10 and Chrome on mobile.\n *\n * Learn more in https://angular.io/guide/browser-support\n */\n\n/***************************************************************************************************\n * BROWSER POLYFILLS\n */\n\n/** IE9, IE10, IE11, and Chrome <55 requires all of the following polyfills.\n *  This also includes Android Emulators with older versions of Chrome and Google Search/Googlebot\n */\n\n// import 'core-js/es6/symbol';\n// import 'core-js/es6/object';\n// import 'core-js/es6/function';\n// import 'core-js/es6/parse-int';\n// import 'core-js/es6/parse-float';\n// import 'core-js/es6/number';\n// import 'core-js/es6/math';\n// import 'core-js/es6/string';\n// import 'core-js/es6/date';\n// import 'core-js/es6/array';\n// import 'core-js/es6/regexp';\n// import 'core-js/es6/map';\n// import 'core-js/es6/weak-map';\n// import 'core-js/es6/set';\n\n/** IE10 and IE11 requires the following for NgClass support on SVG elements */\n// import 'classlist.js';  // Run `npm install --save classlist.js`.\n\n/** IE10 and IE11 requires the following for the Reflect API. */\n// import 'core-js/es6/reflect';\n\n/**\n * Web Animations `@angular/platform-browser/animations`\n * Only required if AnimationBuilder is used within the application and using IE/Edge or Safari.\n * Standard animation support in Angular DOES NOT require any polyfills (as of Angular 6.0).\n */\n// import 'web-animations-js';  // Run `npm install --save web-animations-js`.\n\n/**\n * By default, zone.js will patch all possible macroTask and DomEvents\n * user can disable parts of macroTask/DomEvents patch by setting following flags\n * because those flags need to be set before `zone.js` being loaded, and webpack\n * will put import in the top of bundle, so user need to create a separate file\n * in this directory (for example: zone-flags.ts), and put the following flags\n * into that file, and then add the following code before importing zone.js.\n * import './zone-flags.ts';\n *\n * The flags allowed in zone-flags.ts are listed here.\n *\n * The following flags will work for all browsers.\n *\n * (window as any).__Zone_disable_requestAnimationFrame = true; // disable patch requestAnimationFrame\n * (window as any).__Zone_disable_on_property = true; // disable patch onProperty such as onclick\n * (window as any).__zone_symbol__BLACK_LISTED_EVENTS = ['scroll', 'mousemove']; // disable patch specified eventNames\n *\n *  in IE/Edge developer tools, the addEventListener will also be wrapped by zone.js\n *  with the following flag, it will bypass `zone.js` patch for IE/Edge\n *\n *  (window as any).__Zone_enable_cross_context_check = true;\n *\n */\n\n/***************************************************************************************************\n * Zone JS is required by default for Angular itself.\n */\nimport 'zone.js/dist/zone';  // Included with Angular CLI.\n\n\n/***************************************************************************************************\n * APPLICATION IMPORTS\n */\n"]},"_coverageSchema":"332fd63041d2c1bcb487cc26dd0d5f7d97098a6c","hash":"02b946e49f89ee319a6de34d5419567370fede77","l":{}},
"/Users/Tobi/development/smart-football-table-ui/src/test.ts":{"path":"/Users/Tobi/development/smart-football-table-ui/src/test.ts","statementMap":{"0":{"start":{"line":6,"column":0},"end":{"line":6,"column":95}},"1":{"start":{"line":8,"column":14},"end":{"line":8,"column":56}},"2":{"start":{"line":10,"column":0},"end":{"line":10,"column":28}}},"fnMap":{},"branchMap":{},"s":{"0":1,"1":1,"2":1},"f":{},"b":{},"inputSourceMap":{"version":3,"file":"test.js","sourceRoot":"","sources":["/Users/Tobi/development/smart-football-table-ui/src/test.ts"],"names":[],"mappings":"AAAA,iGAAiG;AAEjG,OAAO,2BAA2B,CAAC;AACnC,OAAO,EAAE,UAAU,EAAE,MAAM,uBAAuB,CAAC;AACnD,OAAO,EACL,2BAA2B,EAC3B,6BAA6B,EAC9B,MAAM,2CAA2C,CAAC;AAInD,qDAAqD;AACrD,UAAU,EAAE,CAAC,mBAAmB,CAC9B,2BAA2B,EAC3B,6BAA6B,EAAE,CAChC,CAAC;AACF,8BAA8B;AAC9B,IAAM,OAAO,GAAG,OAAO,CAAC,OAAO,CAAC,IAAI,EAAE,IAAI,EAAE,aAAa,CAAC,CAAC;AAC3D,wBAAwB;AACxB,OAAO,CAAC,IAAI,EAAE,CAAC,GAAG,CAAC,OAAO,CAAC,CAAC","sourcesContent":["// This file is required by karma.conf.js and loads recursively all the .spec and framework files\n\nimport 'zone.js/dist/zone-testing';\nimport { getTestBed } from '@angular/core/testing';\nimport {\n  BrowserDynamicTestingModule,\n  platformBrowserDynamicTesting\n} from '@angular/platform-browser-dynamic/testing';\n\ndeclare const require: any;\n\n// First, initialize the Angular testing environment.\ngetTestBed().initTestEnvironment(\n  BrowserDynamicTestingModule,\n  platformBrowserDynamicTesting()\n);\n// Then we find all the tests.\nconst context = require.context('./', true, /\\.spec\\.ts$/);\n// And load the modules.\ncontext.keys().map(context);\n"]},"_coverageSchema":"332fd63041d2c1bcb487cc26dd0d5f7d97098a6c","hash":"5652896d59bd1106cf2d0d06414d285044e2f98a","l":{"6":1,"8":1,"10":1}},
"/Users/Tobi/development/smart-football-table-ui/src/app/app.component.ts":{"path":"/Users/Tobi/development/smart-football-table-ui/src/app/app.component.ts","statementMap":{"0":{"start":{"line":3,"column":34},"end":{"line":15,"column":3}},"1":{"start":{"line":5,"column":8},"end":{"line":5,"column":47}},"2":{"start":{"line":7,"column":4},"end":{"line":13,"column":21}},"3":{"start":{"line":14,"column":4},"end":{"line":14,"column":24}}},"fnMap":{"0":{"name":"(anonymous_0)","decl":{"start":{"line":3,"column":34},"end":{"line":3,"column":35}},"loc":{"start":{"line":3,"column":46},"end":{"line":15,"column":1}},"line":3},"1":{"name":"AppComponent","decl":{"start":{"line":4,"column":13},"end":{"line":4,"column":25}},"loc":{"start":{"line":4,"column":28},"end":{"line":6,"column":5}},"line":4}},"branchMap":{},"s":{"0":1,"1":1,"2":1,"3":1},"f":{"0":1,"1":1},"b":{},"inputSourceMap":{"version":3,"file":"app.component.js","sourceRoot":"","sources":["/Users/Tobi/development/smart-football-table-ui/src/app/app.component.ts"],"names":[],"mappings":";AAAA,OAAO,EAAE,SAAS,EAAE,MAAM,eAAe,CAAC;AAO1C;IALA;QAME,UAAK,GAAG,yBAAyB,CAAC;IACpC,CAAC;IAFY,YAAY;QALxB,SAAS,CAAC;YACT,QAAQ,EAAE,UAAU;YACpB,yCAAmC;;SAEpC,CAAC;OACW,YAAY,CAExB;IAAD,mBAAC;CAAA,AAFD,IAEC;SAFY,YAAY","sourcesContent":["import { Component } from '@angular/core';\n\n@Component({\n  selector: 'app-root',\n  templateUrl: './app.component.html',\n  styleUrls: ['./app.component.scss']\n})\nexport class AppComponent {\n  title = 'smart-football-table-ui';\n}\n"]},"_coverageSchema":"332fd63041d2c1bcb487cc26dd0d5f7d97098a6c","hash":"7151233b65ad6656d27b81a05a6b158274b3f267","l":{"3":1,"5":1,"7":1,"14":1}},
"/Users/Tobi/development/smart-football-table-ui/src/app/services/score.service.ts":{"path":"/Users/Tobi/development/smart-football-table-ui/src/app/services/score.service.ts","statementMap":{"0":{"start":{"line":6,"column":34},"end":{"line":33,"column":3}},"1":{"start":{"line":8,"column":8},"end":{"line":8,"column":39}},"2":{"start":{"line":10,"column":4},"end":{"line":14,"column":6}},"3":{"start":{"line":11,"column":8},"end":{"line":13,"column":12}},"4":{"start":{"line":12,"column":12},"end":{"line":12,"column":58}},"5":{"start":{"line":15,"column":4},"end":{"line":19,"column":6}},"6":{"start":{"line":16,"column":8},"end":{"line":18,"column":12}},"7":{"start":{"line":17,"column":12},"end":{"line":17,"column":58}},"8":{"start":{"line":20,"column":4},"end":{"line":22,"column":6}},"9":{"start":{"line":21,"column":8},"end":{"line":21,"column":82}},"10":{"start":{"line":23,"column":4},"end":{"line":25,"column":6}},"11":{"start":{"line":24,"column":8},"end":{"line":24,"column":74}},"12":{"start":{"line":26,"column":4},"end":{"line":31,"column":21}},"13":{"start":{"line":32,"column":4},"end":{"line":32,"column":24}}},"fnMap":{"0":{"name":"(anonymous_0)","decl":{"start":{"line":6,"column":34},"end":{"line":6,"column":35}},"loc":{"start":{"line":6,"column":46},"end":{"line":33,"column":1}},"line":6},"1":{"name":"ScoreService","decl":{"start":{"line":7,"column":13},"end":{"line":7,"column":25}},"loc":{"start":{"line":7,"column":39},"end":{"line":9,"column":5}},"line":7},"2":{"name":"(anonymous_2)","decl":{"start":{"line":10,"column":35},"end":{"line":10,"column":36}},"loc":{"start":{"line":10,"column":53},"end":{"line":14,"column":5}},"line":10},"3":{"name":"(anonymous_3)","decl":{"start":{"line":11,"column":79},"end":{"line":11,"column":80}},"loc":{"start":{"line":11,"column":98},"end":{"line":13,"column":9}},"line":11},"4":{"name":"(anonymous_4)","decl":{"start":{"line":15,"column":40},"end":{"line":15,"column":41}},"loc":{"start":{"line":15,"column":52},"end":{"line":19,"column":5}},"line":15},"5":{"name":"(anonymous_5)","decl":{"start":{"line":16,"column":70},"end":{"line":16,"column":71}},"loc":{"start":{"line":16,"column":89},"end":{"line":18,"column":9}},"line":16},"6":{"name":"(anonymous_6)","decl":{"start":{"line":20,"column":47},"end":{"line":20,"column":48}},"loc":{"start":{"line":20,"column":72},"end":{"line":22,"column":5}},"line":20},"7":{"name":"(anonymous_7)","decl":{"start":{"line":23,"column":52},"end":{"line":23,"column":53}},"loc":{"start":{"line":23,"column":70},"end":{"line":25,"column":5}},"line":23}},"branchMap":{},"s":{"0":1,"1":5,"2":1,"3":4,"4":4,"5":1,"6":1,"7":1,"8":1,"9":2,"10":1,"11":1,"12":1,"13":1},"f":{"0":1,"1":5,"2":4,"3":4,"4":1,"5":1,"6":2,"7":1},"b":{},"inputSourceMap":{"version":3,"file":"score.service.js","sourceRoot":"","sources":["/Users/Tobi/development/smart-football-table-ui/src/app/services/score.service.ts"],"names":[],"mappings":";AAAA,OAAO,EAAE,UAAU,EAAE,MAAM,eAAe,CAAC;AAC3C,OAAO,EAAc,EAAE,EAAE,MAAM,MAAM,CAAC;AACtC,OAAO,EAAE,WAAW,EAAE,MAAM,UAAU,CAAC;AACvC,OAAO,EAAE,SAAS,EAAE,MAAM,gBAAgB,CAAC;AAK3C;IAEE,sBAAoB,WAAwB;QAAxB,gBAAW,GAAX,WAAW,CAAa;IAAI,CAAC;IAEjD,4BAAK,GAAL,UAAM,MAAc;QAClB,OAAO,IAAI,CAAC,WAAW,CAAC,OAAO,CAAC,aAAa,GAAG,MAAM,CAAC,CAAC,IAAI,CAAC,SAAS,CAAC,UAAA,OAAO;YAC5E,OAAO,EAAE,CAAC,MAAM,CAAC,OAAO,CAAC,OAAO,CAAC,QAAQ,EAAE,CAAC,CAAC,CAAC;QAChD,CAAC,CAAC,CAAC,CAAC;IACN,CAAC;IAED,iCAAU,GAAV;QACE,OAAO,IAAI,CAAC,WAAW,CAAC,OAAO,CAAC,aAAa,CAAC,CAAC,IAAI,CAAC,SAAS,CAAC,UAAA,OAAO;YACnE,OAAO,EAAE,CAAC,MAAM,CAAC,OAAO,CAAC,OAAO,CAAC,QAAQ,EAAE,CAAC,CAAC,CAAC;QAChD,CAAC,CAAC,CAAC,CAAC;IACN,CAAC;IAED,wCAAiB,GAAjB,UAAkB,MAAc,EAAE,KAAa;QAC7C,OAAO,IAAI,CAAC,WAAW,CAAC,OAAO,CAAC,aAAa,GAAG,MAAM,EAAE,KAAK,CAAC,QAAQ,EAAE,CAAC,CAAC;IAC5E,CAAC;IAED,6CAAsB,GAAtB,UAAuB,MAAc;QACnC,OAAO,IAAI,CAAC,WAAW,CAAC,OAAO,CAAC,aAAa,EAAE,MAAM,CAAC,QAAQ,EAAE,CAAC,CAAC;IACpE,CAAC;IAtBU,YAAY;QAHxB,UAAU,CAAC;YACV,UAAU,EAAE,MAAM;SACnB,CAAC;iDAGiC,WAAW;OAFjC,YAAY,CAuBxB;IAAD,mBAAC;CAAA,AAvBD,IAuBC;SAvBY,YAAY","sourcesContent":["import { Injectable } from '@angular/core';\nimport { Observable, of } from 'rxjs';\nimport { MqttService } from 'ngx-mqtt';\nimport { switchMap } from 'rxjs/operators';\n\n@Injectable({\n  providedIn: 'root'\n})\nexport class ScoreService {\n\n  constructor(private mqttService: MqttService) { }\n\n  score(teamId: number): Observable<number> {\n    return this.mqttService.observe('team/score/' + teamId).pipe(switchMap(message =>  {\n      return of(Number(message.payload.toString()));\n    }));\n  }\n\n  teamScored(): Observable<number> {\n    return this.mqttService.observe('team/scored').pipe(switchMap(message => {\n      return of(Number(message.payload.toString()));\n    }));\n  }\n\n  mockScoreFromMqtt(teamId: number, score: number): Observable<void> {\n    return this.mqttService.publish('team/score/' + teamId, score.toString());\n  }\n\n  mockTeamScoredFromMqtt(teamId: number): Observable<void> {\n    return this.mqttService.publish('team/scored', teamId.toString());\n  }\n}\n"]},"_coverageSchema":"332fd63041d2c1bcb487cc26dd0d5f7d97098a6c","hash":"e92fa4b8468b964a92982a5878cd2b0750210b8f","l":{"6":1,"8":5,"10":1,"11":4,"12":4,"15":1,"16":1,"17":1,"20":1,"21":2,"23":1,"24":1,"26":1,"32":1}},
"/Users/Tobi/development/smart-football-table-ui/src/app/services/game-state.service.ts":{"path":"/Users/Tobi/development/smart-football-table-ui/src/app/services/game-state.service.ts","statementMap":{"0":{"start":{"line":6,"column":38},"end":{"line":37,"column":3}},"1":{"start":{"line":8,"column":8},"end":{"line":8,"column":39}},"2":{"start":{"line":10,"column":4},"end":{"line":12,"column":6}},"3":{"start":{"line":11,"column":8},"end":{"line":11,"column":54}},"4":{"start":{"line":13,"column":4},"end":{"line":22,"column":6}},"5":{"start":{"line":14,"column":8},"end":{"line":21,"column":12}},"6":{"start":{"line":15,"column":26},"end":{"line":15,"column":63}},"7":{"start":{"line":16,"column":26},"end":{"line":16,"column":28}},"8":{"start":{"line":17,"column":12},"end":{"line":19,"column":15}},"9":{"start":{"line":18,"column":16},"end":{"line":18,"column":45}},"10":{"start":{"line":20,"column":12},"end":{"line":20,"column":44}},"11":{"start":{"line":23,"column":4},"end":{"line":25,"column":6}},"12":{"start":{"line":24,"column":8},"end":{"line":24,"column":58}},"13":{"start":{"line":26,"column":4},"end":{"line":29,"column":6}},"14":{"start":{"line":27,"column":27},"end":{"line":27,"column":51}},"15":{"start":{"line":28,"column":8},"end":{"line":28,"column":71}},"16":{"start":{"line":30,"column":4},"end":{"line":35,"column":25}},"17":{"start":{"line":36,"column":4},"end":{"line":36,"column":28}}},"fnMap":{"0":{"name":"(anonymous_0)","decl":{"start":{"line":6,"column":38},"end":{"line":6,"column":39}},"loc":{"start":{"line":6,"column":50},"end":{"line":37,"column":1}},"line":6},"1":{"name":"GameStateService","decl":{"start":{"line":7,"column":13},"end":{"line":7,"column":29}},"loc":{"start":{"line":7,"column":43},"end":{"line":9,"column":5}},"line":7},"2":{"name":"(anonymous_2)","decl":{"start":{"line":10,"column":43},"end":{"line":10,"column":44}},"loc":{"start":{"line":10,"column":55},"end":{"line":12,"column":5}},"line":10},"3":{"name":"(anonymous_3)","decl":{"start":{"line":13,"column":42},"end":{"line":13,"column":43}},"loc":{"start":{"line":13,"column":54},"end":{"line":22,"column":5}},"line":13},"4":{"name":"(anonymous_4)","decl":{"start":{"line":14,"column":72},"end":{"line":14,"column":73}},"loc":{"start":{"line":14,"column":91},"end":{"line":21,"column":9}},"line":14},"5":{"name":"(anonymous_5)","decl":{"start":{"line":17,"column":28},"end":{"line":17,"column":29}},"loc":{"start":{"line":17,"column":46},"end":{"line":19,"column":13}},"line":17},"6":{"name":"(anonymous_6)","decl":{"start":{"line":23,"column":55},"end":{"line":23,"column":56}},"loc":{"start":{"line":23,"column":67},"end":{"line":25,"column":5}},"line":23},"7":{"name":"(anonymous_7)","decl":{"start":{"line":26,"column":54},"end":{"line":26,"column":55}},"loc":{"start":{"line":26,"column":72},"end":{"line":29,"column":5}},"line":26}},"branchMap":{},"s":{"0":1,"1":6,"2":1,"3":6,"4":1,"5":3,"6":3,"7":3,"8":3,"9":3,"10":3,"11":1,"12":1,"13":1,"14":1,"15":1,"16":1,"17":1},"f":{"0":1,"1":6,"2":6,"3":3,"4":3,"5":3,"6":1,"7":1},"b":{},"inputSourceMap":{"version":3,"file":"game-state.service.js","sourceRoot":"","sources":["/Users/Tobi/development/smart-football-table-ui/src/app/services/game-state.service.ts"],"names":[],"mappings":";AAAA,OAAO,EAAE,UAAU,EAAE,MAAM,eAAe,CAAC;AAC3C,OAAO,EAAgB,WAAW,EAAE,MAAM,UAAU,CAAC;AACrD,OAAO,EAAc,EAAE,EAAE,MAAM,MAAM,CAAC;AACtC,OAAO,EAAE,SAAS,EAAE,MAAM,gBAAgB,CAAC;AAM3C;IAEE,0BAAoB,WAAwB;QAAxB,gBAAW,GAAX,WAAW,CAAa;IAAI,CAAC;IAEjD,oCAAS,GAAT;QACE,OAAO,IAAI,CAAC,WAAW,CAAC,OAAO,CAAC,YAAY,CAAC,CAAC;IAChD,CAAC;IAED,mCAAQ,GAAR;QACE,OAAO,IAAI,CAAC,WAAW,CAAC,OAAO,CAAC,eAAe,CAAC,CAAC,IAAI,CAAC,SAAS,CAAC,UAAA,OAAO;YACrE,IAAM,OAAO,GAAG,OAAO,CAAC,OAAO,CAAC,QAAQ,EAAE,CAAC,KAAK,CAAC,GAAG,CAAC,CAAC;YACtD,IAAM,OAAO,GAAkB,EAAE,CAAC;YAClC,OAAO,CAAC,OAAO,CAAC,UAAA,MAAM;gBACpB,OAAO,CAAC,IAAI,CAAC,MAAM,CAAC,MAAM,CAAC,CAAC,CAAC;YAC/B,CAAC,CAAC,CAAC;YACH,OAAO,EAAE,CAAC,EAAC,OAAO,EAAE,OAAO,EAAC,CAAC,CAAC;QAChC,CAAC,CAAC,CAAC,CAAC;IACN,CAAC;IAED,gDAAqB,GAArB;QACE,OAAO,IAAI,CAAC,WAAW,CAAC,OAAO,CAAC,YAAY,EAAE,EAAE,CAAC,CAAC;IACpD,CAAC;IAED,+CAAoB,GAApB,UAAqB,MAAc;QACjC,IAAM,YAAY,GAAG,MAAM,CAAC,OAAO,CAAC,IAAI,CAAC,GAAG,CAAC,CAAC;QAC9C,OAAO,IAAI,CAAC,WAAW,CAAC,OAAO,CAAC,eAAe,EAAE,YAAY,CAAC,CAAC;IACjE,CAAC;IA1BU,gBAAgB;QAH5B,UAAU,CAAC;YACV,UAAU,EAAE,MAAM;SACnB,CAAC;iDAGiC,WAAW;OAFjC,gBAAgB,CA2B5B;IAAD,uBAAC;CAAA,AA3BD,IA2BC;SA3BY,gBAAgB","sourcesContent":["import { Injectable } from '@angular/core';\nimport { IMqttMessage, MqttService } from 'ngx-mqtt';\nimport { Observable, of } from 'rxjs';\nimport { switchMap } from 'rxjs/operators';\nimport { Winner } from '../models/winner';\n\n@Injectable({\n  providedIn: 'root'\n})\nexport class GameStateService {\n\n  constructor(private mqttService: MqttService) { }\n\n  gameStart(): Observable<IMqttMessage> {\n    return this.mqttService.observe('game/start');\n  }\n\n  gameOver(): Observable<Winner> {\n    return this.mqttService.observe('game/gameover').pipe(switchMap(message => {\n      const payload = message.payload.toString().split(',');\n      const winners: Array<number> = [];\n      payload.forEach(winner => {\n        winners.push(Number(winner));\n      });\n      return of({winners: winners});\n    }));\n  }\n\n  mockGameStartFromMqtt(): Observable<void> {\n    return this.mqttService.publish('game/start', '');\n  }\n\n  mockGameOverFromMqtt(winner: Winner): Observable<void> {\n    const winnerString = winner.winners.join(',');\n    return this.mqttService.publish('game/gameover', winnerString);\n  }\n}\n"]},"_coverageSchema":"332fd63041d2c1bcb487cc26dd0d5f7d97098a6c","hash":"55677550b7c61fde4df39de93b00b72b598500b5","l":{"6":1,"8":6,"10":1,"11":6,"13":1,"14":3,"15":3,"16":3,"17":3,"18":3,"20":3,"23":1,"24":1,"26":1,"27":1,"28":1,"30":1,"36":1}},
"/Users/Tobi/development/smart-football-table-ui/src/app/components/snack-bar-message/snack-bar-message.component.ts":{"path":"/Users/Tobi/development/smart-football-table-ui/src/app/components/snack-bar-message/snack-bar-message.component.ts","statementMap":{"0":{"start":{"line":4,"column":46},"end":{"line":21,"column":3}},"1":{"start":{"line":6,"column":8},"end":{"line":6,"column":25}},"2":{"start":{"line":7,"column":8},"end":{"line":7,"column":33}},"3":{"start":{"line":9,"column":4},"end":{"line":10,"column":6}},"4":{"start":{"line":11,"column":4},"end":{"line":19,"column":33}},"5":{"start":{"line":20,"column":4},"end":{"line":20,"column":36}}},"fnMap":{"0":{"name":"(anonymous_0)","decl":{"start":{"line":4,"column":46},"end":{"line":4,"column":47}},"loc":{"start":{"line":4,"column":58},"end":{"line":21,"column":1}},"line":4},"1":{"name":"SnackBarMessageComponent","decl":{"start":{"line":5,"column":13},"end":{"line":5,"column":37}},"loc":{"start":{"line":5,"column":44},"end":{"line":8,"column":5}},"line":5},"2":{"name":"(anonymous_2)","decl":{"start":{"line":9,"column":50},"end":{"line":9,"column":51}},"loc":{"start":{"line":9,"column":62},"end":{"line":10,"column":5}},"line":9}},"branchMap":{},"s":{"0":1,"1":1,"2":1,"3":1,"4":1,"5":1},"f":{"0":1,"1":1,"2":1},"b":{},"inputSourceMap":{"version":3,"file":"snack-bar-message.component.js","sourceRoot":"","sources":["/Users/Tobi/development/smart-football-table-ui/src/app/components/snack-bar-message/snack-bar-message.component.ts"],"names":[],"mappings":";AAAA,OAAO,EAAE,SAAS,EAAE,MAAM,EAAU,MAAM,eAAe,CAAC;AAC1D,OAAO,EAAE,kBAAkB,EAAE,MAAM,mBAAmB,CAAC;AAOvD;IAIE,kCAA+C,IAAS;QAAT,SAAI,GAAJ,IAAI,CAAK;QACtD,IAAI,CAAC,YAAY,GAAG,IAAI,CAAC;IAC3B,CAAC;IAED,2CAAQ,GAAR;IACA,CAAC;IATU,wBAAwB;QALpC,SAAS,CAAC;YACT,QAAQ,EAAE,uBAAuB;YACjC,uDAAiD;;SAElD,CAAC;QAKa,mBAAA,MAAM,CAAC,kBAAkB,CAAC,CAAA;;OAJ5B,wBAAwB,CAWpC;IAAD,+BAAC;CAAA,AAXD,IAWC;SAXY,wBAAwB","sourcesContent":["import { Component, Inject, OnInit } from '@angular/core';\nimport { MAT_SNACK_BAR_DATA } from '@angular/material';\n\n@Component({\n  selector: 'app-snack-bar-message',\n  templateUrl: './snack-bar-message.component.html',\n  styleUrls: ['./snack-bar-message.component.scss']\n})\nexport class SnackBarMessageComponent implements OnInit {\n\n  snackMessage: string;\n\n  constructor(@Inject(MAT_SNACK_BAR_DATA) public data: any) {\n    this.snackMessage = data;\n  }\n\n  ngOnInit() {\n  }\n\n}\n"]},"_coverageSchema":"332fd63041d2c1bcb487cc26dd0d5f7d97098a6c","hash":"fd1d46d3e2224408eb935a9fdeb922679ba08a36","l":{"4":1,"6":1,"7":1,"9":1,"11":1,"20":1}},
"/Users/Tobi/development/smart-football-table-ui/src/app/components/dashboard/dashboard.component.ts":{"path":"/Users/Tobi/development/smart-football-table-ui/src/app/components/dashboard/dashboard.component.ts","statementMap":{"0":{"start":{"line":7,"column":40},"end":{"line":57,"column":3}},"1":{"start":{"line":9,"column":8},"end":{"line":9,"column":41}},"2":{"start":{"line":10,"column":8},"end":{"line":10,"column":49}},"3":{"start":{"line":11,"column":8},"end":{"line":11,"column":33}},"4":{"start":{"line":12,"column":8},"end":{"line":12,"column":40}},"5":{"start":{"line":14,"column":4},"end":{"line":31,"column":6}},"6":{"start":{"line":15,"column":20},"end":{"line":15,"column":24}},"7":{"start":{"line":16,"column":8},"end":{"line":19,"column":11}},"8":{"start":{"line":17,"column":12},"end":{"line":17,"column":72}},"9":{"start":{"line":18,"column":12},"end":{"line":18,"column":35}},"10":{"start":{"line":20,"column":8},"end":{"line":30,"column":11}},"11":{"start":{"line":22,"column":12},"end":{"line":27,"column":13}},"12":{"start":{"line":23,"column":16},"end":{"line":23,"column":41}},"13":{"start":{"line":26,"column":16},"end":{"line":26,"column":72}},"14":{"start":{"line":28,"column":12},"end":{"line":28,"column":31}},"15":{"start":{"line":29,"column":12},"end":{"line":29,"column":44}},"16":{"start":{"line":32,"column":4},"end":{"line":34,"column":6}},"17":{"start":{"line":33,"column":8},"end":{"line":33,"column":40}},"18":{"start":{"line":35,"column":4},"end":{"line":39,"column":6}},"19":{"start":{"line":36,"column":8},"end":{"line":38,"column":9}},"20":{"start":{"line":37,"column":12},"end":{"line":37,"column":118}},"21":{"start":{"line":40,"column":4},"end":{"line":42,"column":6}},"22":{"start":{"line":41,"column":8},"end":{"line":41,"column":105}},"23":{"start":{"line":43,"column":4},"end":{"line":45,"column":6}},"24":{"start":{"line":44,"column":8},"end":{"line":44,"column":64}},"25":{"start":{"line":46,"column":4},"end":{"line":55,"column":27}},"26":{"start":{"line":56,"column":4},"end":{"line":56,"column":30}}},"fnMap":{"0":{"name":"(anonymous_0)","decl":{"start":{"line":7,"column":40},"end":{"line":7,"column":41}},"loc":{"start":{"line":7,"column":52},"end":{"line":57,"column":1}},"line":7},"1":{"name":"DashboardComponent","decl":{"start":{"line":8,"column":13},"end":{"line":8,"column":31}},"loc":{"start":{"line":8,"column":74},"end":{"line":13,"column":5}},"line":8},"2":{"name":"(anonymous_2)","decl":{"start":{"line":14,"column":44},"end":{"line":14,"column":45}},"loc":{"start":{"line":14,"column":56},"end":{"line":31,"column":5}},"line":14},"3":{"name":"(anonymous_3)","decl":{"start":{"line":16,"column":49},"end":{"line":16,"column":50}},"loc":{"start":{"line":16,"column":67},"end":{"line":19,"column":9}},"line":16},"4":{"name":"(anonymous_4)","decl":{"start":{"line":20,"column":51},"end":{"line":20,"column":52}},"loc":{"start":{"line":20,"column":69},"end":{"line":30,"column":9}},"line":20},"5":{"name":"(anonymous_5)","decl":{"start":{"line":32,"column":46},"end":{"line":32,"column":47}},"loc":{"start":{"line":32,"column":58},"end":{"line":34,"column":5}},"line":32},"6":{"name":"(anonymous_6)","decl":{"start":{"line":35,"column":50},"end":{"line":35,"column":51}},"loc":{"start":{"line":35,"column":62},"end":{"line":39,"column":5}},"line":35},"7":{"name":"(anonymous_7)","decl":{"start":{"line":40,"column":45},"end":{"line":40,"column":46}},"loc":{"start":{"line":40,"column":74},"end":{"line":42,"column":5}},"line":40},"8":{"name":"(anonymous_8)","decl":{"start":{"line":43,"column":46},"end":{"line":43,"column":47}},"loc":{"start":{"line":43,"column":63},"end":{"line":45,"column":5}},"line":43}},"branchMap":{"0":{"loc":{"start":{"line":22,"column":12},"end":{"line":27,"column":13}},"type":"if","locations":[{"start":{"line":22,"column":12},"end":{"line":27,"column":13}},{"start":{"line":22,"column":12},"end":{"line":27,"column":13}}],"line":22},"1":{"loc":{"start":{"line":36,"column":8},"end":{"line":38,"column":9}},"type":"if","locations":[{"start":{"line":36,"column":8},"end":{"line":38,"column":9}},{"start":{"line":36,"column":8},"end":{"line":38,"column":9}}],"line":36},"2":{"loc":{"start":{"line":44,"column":15},"end":{"line":44,"column":63}},"type":"binary-expr","locations":[{"start":{"line":44,"column":16},"end":{"line":44,"column":36}},{"start":{"line":44,"column":42},"end":{"line":44,"column":62}}],"line":44}},"s":{"0":1,"1":3,"2":3,"3":3,"4":3,"5":1,"6":2,"7":2,"8":2,"9":2,"10":2,"11":2,"12":0,"13":2,"14":2,"15":2,"16":1,"17":2,"18":1,"19":2,"20":2,"21":1,"22":4,"23":1,"24":2,"25":1,"26":1},"f":{"0":1,"1":3,"2":2,"3":2,"4":2,"5":2,"6":2,"7":4,"8":2},"b":{"0":[0,2],"1":[2,0],"2":[2,2]},"inputSourceMap":{"version":3,"file":"dashboard.component.js","sourceRoot":"","sources":["/Users/Tobi/development/smart-football-table-ui/src/app/components/dashboard/dashboard.component.ts"],"names":[],"mappings":";AAAA,OAAO,EAAE,SAAS,EAAU,MAAM,eAAe,CAAC;AAClD,OAAO,EAAE,YAAY,EAAE,MAAM,8BAA8B,CAAC;AAC5D,OAAO,EAAE,WAAW,EAAE,MAAM,mBAAmB,CAAC;AAChD,OAAO,EAAE,gBAAgB,EAAE,MAAM,mCAAmC,CAAC;AACrE,OAAO,EAAE,wBAAwB,EAAE,MAAM,kDAAkD,CAAC;AAQ5F;IAIE,4BAAoB,YAA0B,EAC1B,gBAAkC,EAClC,QAAqB;QAFrB,iBAAY,GAAZ,YAAY,CAAc;QAC1B,qBAAgB,GAAhB,gBAAgB,CAAkB;QAClC,aAAQ,GAAR,QAAQ,CAAa;QAJzC,WAAM,GAAU,EAAC,KAAK,EAAE,CAAC,CAAC,EAAE,CAAC,CAAC,EAAC,CAAC;IAIY,CAAC;IAE7C,qCAAQ,GAAR;QAAA,iBAiBC;QAhBC,IAAI,CAAC,YAAY,CAAC,UAAU,EAAE,CAAC,SAAS,CAAC,UAAA,MAAM;YAC7C,KAAI,CAAC,MAAM,CAAC,KAAK,CAAC,MAAM,CAAC,GAAG,KAAI,CAAC,MAAM,CAAC,KAAK,CAAC,MAAM,CAAC,GAAG,CAAC,CAAC;YAC1D,KAAI,CAAC,cAAc,EAAE,CAAC;QACxB,CAAC,CAAC,CAAC;QAEH,IAAI,CAAC,gBAAgB,CAAC,QAAQ,EAAE,CAAC,SAAS,CAAC,UAAA,MAAM;YAC/C,IAAI,OAAe,CAAC;YAEpB,IAAI,MAAM,CAAC,OAAO,CAAC,MAAM,GAAG,CAAC,EAAE;gBAC7B,OAAO,GAAG,cAAc,CAAC;aAC1B;iBAAM;gBACL,OAAO,GAAG,OAAO,GAAG,MAAM,CAAC,OAAO,CAAC,CAAC,CAAC,GAAG,eAAe,CAAC;aACzD;YACD,KAAI,CAAC,UAAU,EAAE,CAAC;YAClB,KAAI,CAAC,SAAS,CAAC,OAAO,EAAE,KAAK,CAAC,CAAC;QACjC,CAAC,CAAC,CAAC;IACL,CAAC;IAEO,uCAAU,GAAlB;QACE,IAAI,CAAC,MAAM,GAAG,EAAC,KAAK,EAAE,CAAC,CAAC,EAAE,CAAC,CAAC,EAAC,CAAC;IAChC,CAAC;IAEO,2CAAc,GAAtB;QACE,IAAI,CAAC,IAAI,CAAC,UAAU,CAAC,IAAI,CAAC,MAAM,CAAC,EAAE;YACjC,IAAI,CAAC,SAAS,CAAC,uBAAuB,GAAG,GAAG,GAAG,IAAI,CAAC,MAAM,CAAC,KAAK,CAAC,CAAC,CAAC,GAAG,KAAK,GAAG,IAAI,CAAC,MAAM,CAAC,KAAK,CAAC,CAAC,CAAC,EAAE,IAAI,CAAC,CAAC;SAC3G;IACH,CAAC;IAEO,sCAAS,GAAjB,UAAkB,OAAe,EAAE,QAAgB;QACjD,IAAI,CAAC,QAAQ,CAAC,iBAAiB,CAC7B,wBAAwB,EACxB,EAAC,QAAQ,EAAE,QAAQ,EAAE,IAAI,EAAE,OAAO,EAAC,CACpC,CAAC;IACJ,CAAC;IAEO,uCAAU,GAAlB,UAAmB,KAAY;QAC7B,OAAO,CAAC,KAAK,CAAC,KAAK,CAAC,CAAC,CAAC,KAAK,CAAC,CAAC,IAAI,CAAC,KAAK,CAAC,KAAK,CAAC,CAAC,CAAC,KAAK,CAAC,CAAC,CAAC;IAC1D,CAAC;IA9CU,kBAAkB;QAL9B,SAAS,CAAC;YACT,QAAQ,EAAE,eAAe;YACzB,+CAAyC;;SAE1C,CAAC;iDAKkC,YAAY;YACR,gBAAgB;YACxB,WAAW;OAN9B,kBAAkB,CA+C9B;IAAD,yBAAC;CAAA,AA/CD,IA+CC;SA/CY,kBAAkB","sourcesContent":["import { Component, OnInit } from '@angular/core';\nimport { ScoreService } from '../../services/score.service';\nimport { MatSnackBar } from '@angular/material';\nimport { GameStateService } from '../../services/game-state.service';\nimport { SnackBarMessageComponent } from '../snack-bar-message/snack-bar-message.component';\nimport { Score } from '../../models/score';\n\n@Component({\n  selector: 'app-dashboard',\n  templateUrl: './dashboard.component.html',\n  styleUrls: ['./dashboard.component.scss']\n})\nexport class DashboardComponent implements OnInit {\n\n  _score: Score = {score: [0, 0]};\n\n  constructor(private scoreService: ScoreService,\n              private gameStateService: GameStateService,\n              private snackBar: MatSnackBar) {}\n\n  ngOnInit() {\n    this.scoreService.teamScored().subscribe(teamId => {\n      this._score.score[teamId] = this._score.score[teamId] + 1;\n      this.showScoreToast();\n    });\n\n    this.gameStateService.gameOver().subscribe(winner => {\n      let message: string;\n\n      if (winner.winners.length > 1) {\n        message = 'It\\'s a draw';\n      } else {\n        message = 'Team ' + winner.winners[0] + ' won the game';\n      }\n      this.resetScore();\n      this.showToast(message, 15000);\n    });\n  }\n\n  private resetScore(): void {\n    this._score = {score: [0, 0]};\n  }\n\n  private showScoreToast() {\n    if (!this.isZeroZero(this._score)) {\n      this.showToast('GOOOOAL! Score is now' + ' ' + this._score.score[0] + ' - ' + this._score.score[1], 5000);\n    }\n  }\n\n  private showToast(message: string, duration: number): void {\n    this.snackBar.openFromComponent(\n      SnackBarMessageComponent,\n      {duration: duration, data: message}\n    );\n  }\n\n  private isZeroZero(score: Score): boolean {\n    return (score.score[0] === 0) && (score.score[1] === 0);\n  }\n}\n"]},"_coverageSchema":"332fd63041d2c1bcb487cc26dd0d5f7d97098a6c","hash":"5ea41668ff8436e76106edfbf83ff75315a5478f","l":{"7":1,"9":3,"10":3,"11":3,"12":3,"14":1,"15":2,"16":2,"17":2,"18":2,"20":2,"22":2,"23":0,"26":2,"28":2,"29":2,"32":1,"33":2,"35":1,"36":2,"37":2,"40":1,"41":4,"43":1,"44":2,"46":1,"56":1}},
"/Users/Tobi/development/smart-football-table-ui/src/app/services/velocity.service.ts":{"path":"/Users/Tobi/development/smart-football-table-ui/src/app/services/velocity.service.ts","statementMap":{"0":{"start":{"line":6,"column":37},"end":{"line":28,"column":3}},"1":{"start":{"line":8,"column":8},"end":{"line":8,"column":39}},"2":{"start":{"line":10,"column":4},"end":{"line":17,"column":6}},"3":{"start":{"line":11,"column":8},"end":{"line":16,"column":12}},"4":{"start":{"line":12,"column":26},"end":{"line":12,"column":52}},"5":{"start":{"line":13,"column":27},"end":{"line":13,"column":56}},"6":{"start":{"line":14,"column":34},"end":{"line":14,"column":63}},"7":{"start":{"line":15,"column":12},"end":{"line":15,"column":53}},"8":{"start":{"line":18,"column":4},"end":{"line":20,"column":6}},"9":{"start":{"line":19,"column":8},"end":{"line":19,"column":91}},"10":{"start":{"line":21,"column":4},"end":{"line":26,"column":24}},"11":{"start":{"line":27,"column":4},"end":{"line":27,"column":27}}},"fnMap":{"0":{"name":"(anonymous_0)","decl":{"start":{"line":6,"column":37},"end":{"line":6,"column":38}},"loc":{"start":{"line":6,"column":49},"end":{"line":28,"column":1}},"line":6},"1":{"name":"VelocityService","decl":{"start":{"line":7,"column":13},"end":{"line":7,"column":28}},"loc":{"start":{"line":7,"column":42},"end":{"line":9,"column":5}},"line":7},"2":{"name":"(anonymous_2)","decl":{"start":{"line":10,"column":41},"end":{"line":10,"column":42}},"loc":{"start":{"line":10,"column":53},"end":{"line":17,"column":5}},"line":10},"3":{"name":"(anonymous_3)","decl":{"start":{"line":11,"column":76},"end":{"line":11,"column":77}},"loc":{"start":{"line":11,"column":95},"end":{"line":16,"column":9}},"line":11},"4":{"name":"(anonymous_4)","decl":{"start":{"line":18,"column":53},"end":{"line":18,"column":54}},"loc":{"start":{"line":18,"column":73},"end":{"line":20,"column":5}},"line":18}},"branchMap":{},"s":{"0":1,"1":5,"2":1,"3":3,"4":3,"5":3,"6":3,"7":3,"8":1,"9":1,"10":1,"11":1},"f":{"0":1,"1":5,"2":3,"3":3,"4":1},"b":{},"inputSourceMap":{"version":3,"file":"velocity.service.js","sourceRoot":"","sources":["/Users/Tobi/development/smart-football-table-ui/src/app/services/velocity.service.ts"],"names":[],"mappings":";AAAA,OAAO,EAAE,UAAU,EAAE,MAAM,eAAe,CAAC;AAC3C,OAAO,EAAc,EAAE,EAAE,MAAM,MAAM,CAAC;AACtC,OAAO,EAAE,WAAW,EAAE,MAAM,UAAU,CAAC;AAEvC,OAAO,EAAE,SAAS,EAAE,MAAM,gBAAgB,CAAC;AAK3C;IAEE,yBAAoB,WAAwB;QAAxB,gBAAW,GAAX,WAAW,CAAa;IAAI,CAAC;IAEjD,kCAAQ,GAAR;QACE,OAAO,IAAI,CAAC,WAAW,CAAC,OAAO,CAAC,mBAAmB,CAAC,CAAC,IAAI,CAAC,SAAS,CAAC,UAAA,OAAO;YAEzE,IAAM,OAAO,GAAG,OAAO,CAAC,OAAO,CAAC,QAAQ,EAAE,CAAC;YAC3C,IAAM,QAAQ,GAAa,EAAC,QAAQ,EAAE,MAAM,CAAC,OAAO,CAAC,EAAC,CAAC;YACvD,IAAM,eAAe,GAAG,IAAI,CAAC,KAAK,CAAC,QAAQ,CAAC,QAAQ,CAAC,CAAC;YACtD,OAAO,EAAE,CAAC,EAAC,QAAQ,EAAE,eAAe,EAAC,CAAC,CAAC;QACzC,CAAC,CAAC,CAAC,CAAC;IACN,CAAC;IAED,8CAAoB,GAApB,UAAqB,QAAkB;QACrC,OAAO,IAAI,CAAC,WAAW,CAAC,OAAO,CAAC,mBAAmB,EAAE,QAAQ,CAAC,QAAQ,CAAC,QAAQ,EAAE,CAAC,CAAC;IACrF,CAAC;IAhBU,eAAe;QAH3B,UAAU,CAAC;YACV,UAAU,EAAE,MAAM;SACnB,CAAC;iDAGiC,WAAW;OAFjC,eAAe,CAiB3B;IAAD,sBAAC;CAAA,AAjBD,IAiBC;SAjBY,eAAe","sourcesContent":["import { Injectable } from '@angular/core';\nimport { Observable, of } from 'rxjs';\nimport { MqttService } from 'ngx-mqtt';\nimport { Velocity } from '../models/velocity';\nimport { switchMap } from 'rxjs/operators';\n\n@Injectable({\n  providedIn: 'root'\n})\nexport class VelocityService {\n\n  constructor(private mqttService: MqttService) { }\n\n  velocity(): Observable<Velocity> {\n    return this.mqttService.observe('ball/velocity/kmh').pipe(switchMap(message => {\n\n      const payload = message.payload.toString();\n      const velocity: Velocity = {velocity: Number(payload)};\n      const roundedVelocity = Math.round(velocity.velocity);\n      return of({velocity: roundedVelocity});\n    }));\n  }\n\n  mockVelocityFromMqtt(velocity: Velocity): Observable<void> {\n    return this.mqttService.publish('ball/velocity/kmh', velocity.velocity.toString());\n  }\n}\n"]},"_coverageSchema":"332fd63041d2c1bcb487cc26dd0d5f7d97098a6c","hash":"f4ce4f184ddca1a26ca6656771c2e14d7b415e29","l":{"6":1,"8":5,"10":1,"11":3,"12":3,"13":3,"14":3,"15":3,"18":1,"19":1,"21":1,"27":1}},
"/Users/Tobi/development/smart-football-table-ui/src/app/components/velocity/velocity.component.ts":{"path":"/Users/Tobi/development/smart-football-table-ui/src/app/components/velocity/velocity.component.ts","statementMap":{"0":{"start":{"line":5,"column":39},"end":{"line":27,"column":3}},"1":{"start":{"line":7,"column":8},"end":{"line":7,"column":47}},"2":{"start":{"line":8,"column":8},"end":{"line":8,"column":49}},"3":{"start":{"line":9,"column":8},"end":{"line":9,"column":41}},"4":{"start":{"line":11,"column":4},"end":{"line":17,"column":6}},"5":{"start":{"line":12,"column":20},"end":{"line":12,"column":24}},"6":{"start":{"line":13,"column":8},"end":{"line":13,"column":118}},"7":{"start":{"line":13,"column":73},"end":{"line":13,"column":114}},"8":{"start":{"line":14,"column":8},"end":{"line":16,"column":11}},"9":{"start":{"line":15,"column":12},"end":{"line":15,"column":39}},"10":{"start":{"line":18,"column":4},"end":{"line":25,"column":26}},"11":{"start":{"line":26,"column":4},"end":{"line":26,"column":29}}},"fnMap":{"0":{"name":"(anonymous_0)","decl":{"start":{"line":5,"column":39},"end":{"line":5,"column":40}},"loc":{"start":{"line":5,"column":51},"end":{"line":27,"column":1}},"line":5},"1":{"name":"VelocityComponent","decl":{"start":{"line":6,"column":13},"end":{"line":6,"column":30}},"loc":{"start":{"line":6,"column":66},"end":{"line":10,"column":5}},"line":6},"2":{"name":"(anonymous_2)","decl":{"start":{"line":11,"column":43},"end":{"line":11,"column":44}},"loc":{"start":{"line":11,"column":55},"end":{"line":17,"column":5}},"line":11},"3":{"name":"(anonymous_3)","decl":{"start":{"line":13,"column":52},"end":{"line":13,"column":53}},"loc":{"start":{"line":13,"column":71},"end":{"line":13,"column":116}},"line":13},"4":{"name":"(anonymous_4)","decl":{"start":{"line":14,"column":50},"end":{"line":14,"column":51}},"loc":{"start":{"line":14,"column":70},"end":{"line":16,"column":9}},"line":14}},"branchMap":{},"s":{"0":1,"1":5,"2":5,"3":5,"4":1,"5":4,"6":4,"7":4,"8":4,"9":4,"10":1,"11":1},"f":{"0":1,"1":5,"2":4,"3":4,"4":4},"b":{},"inputSourceMap":{"version":3,"file":"velocity.component.js","sourceRoot":"","sources":["/Users/Tobi/development/smart-football-table-ui/src/app/components/velocity/velocity.component.ts"],"names":[],"mappings":";AAAA,OAAO,EAAE,SAAS,EAAU,MAAM,eAAe,CAAC;AAClD,OAAO,EAAE,eAAe,EAAE,MAAM,iCAAiC,CAAC;AAElE,OAAO,EAAE,gBAAgB,EAAE,MAAM,mCAAmC,CAAC;AASrE;IAGE,2BAAoB,eAAgC,EAAU,gBAAkC;QAA5E,oBAAe,GAAf,eAAe,CAAiB;QAAU,qBAAgB,GAAhB,gBAAgB,CAAkB;QAFhG,cAAS,GAAa,EAAC,QAAQ,EAAE,CAAC,EAAC,CAAC;IAEgE,CAAC;IAErG,oCAAQ,GAAR;QAAA,iBAMC;QALC,IAAI,CAAC,gBAAgB,CAAC,SAAS,EAAE,CAAC,SAAS,CAAC,UAAA,OAAO,IAAI,OAAA,KAAI,CAAC,SAAS,GAAG,EAAC,QAAQ,EAAE,CAAC,EAAC,EAA9B,CAA8B,CAAC,CAAC;QAErF,IAAI,CAAC,eAAe,CAAC,QAAQ,EAAE,CAAC,SAAS,CAAC,UAAA,QAAQ;YAC9C,KAAI,CAAC,SAAS,GAAG,QAAQ,CAAC;QAC9B,CAAC,CAAC,CAAC;IACP,CAAC;IAXU,iBAAiB;QAL7B,SAAS,CAAC;YACT,QAAQ,EAAE,cAAc;YACxB,8CAAwC;;SAEzC,CAAC;iDAIqC,eAAe,EAA4B,gBAAgB;OAHrF,iBAAiB,CAY7B;IAAD,wBAAC;CAAA,AAZD,IAYC;SAZY,iBAAiB","sourcesContent":["import { Component, OnInit } from '@angular/core';\nimport { VelocityService } from '../../services/velocity.service';\nimport { Velocity } from '../../models/velocity';\nimport { GameStateService } from '../../services/game-state.service';\nimport { interval } from 'rxjs';\nimport { switchMap } from 'rxjs/operators';\n\n@Component({\n  selector: 'app-velocity',\n  templateUrl: './velocity.component.html',\n  styleUrls: ['./velocity.component.scss']\n})\nexport class VelocityComponent implements OnInit {\n  _velocity: Velocity = {velocity: 0};\n\n  constructor(private velocityService: VelocityService, private gameStateService: GameStateService) { }\n\n  ngOnInit() {\n    this.gameStateService.gameStart().subscribe(message => this._velocity = {velocity: 0});\n\n      this.velocityService.velocity().subscribe(velocity => {\n          this._velocity = velocity;\n      });\n  }\n}\n"]},"_coverageSchema":"332fd63041d2c1bcb487cc26dd0d5f7d97098a6c","hash":"81105ac9a49b06a1ddc1a0025db0e9d2e3685a61","l":{"5":1,"7":5,"8":5,"9":5,"11":1,"12":4,"13":4,"14":4,"15":4,"18":1,"26":1}},
"/Users/Tobi/development/smart-football-table-ui/src/app/components/score/score.component.ts":{"path":"/Users/Tobi/development/smart-football-table-ui/src/app/components/score/score.component.ts","statementMap":{"0":{"start":{"line":4,"column":36},"end":{"line":25,"column":3}},"1":{"start":{"line":6,"column":20},"end":{"line":6,"column":24}},"2":{"start":{"line":7,"column":8},"end":{"line":7,"column":41}},"3":{"start":{"line":8,"column":8},"end":{"line":8,"column":40}},"4":{"start":{"line":9,"column":8},"end":{"line":11,"column":11}},"5":{"start":{"line":10,"column":12},"end":{"line":10,"column":42}},"6":{"start":{"line":12,"column":8},"end":{"line":14,"column":11}},"7":{"start":{"line":13,"column":12},"end":{"line":13,"column":42}},"8":{"start":{"line":16,"column":4},"end":{"line":23,"column":23}},"9":{"start":{"line":24,"column":4},"end":{"line":24,"column":26}}},"fnMap":{"0":{"name":"(anonymous_0)","decl":{"start":{"line":4,"column":36},"end":{"line":4,"column":37}},"loc":{"start":{"line":4,"column":48},"end":{"line":25,"column":1}},"line":4},"1":{"name":"ScoreComponent","decl":{"start":{"line":5,"column":13},"end":{"line":5,"column":27}},"loc":{"start":{"line":5,"column":42},"end":{"line":15,"column":5}},"line":5},"2":{"name":"(anonymous_2)","decl":{"start":{"line":9,"column":40},"end":{"line":9,"column":41}},"loc":{"start":{"line":9,"column":57},"end":{"line":11,"column":9}},"line":9},"3":{"name":"(anonymous_3)","decl":{"start":{"line":12,"column":40},"end":{"line":12,"column":41}},"loc":{"start":{"line":12,"column":57},"end":{"line":14,"column":9}},"line":12}},"branchMap":{},"s":{"0":1,"1":5,"2":5,"3":5,"4":5,"5":5,"6":5,"7":5,"8":1,"9":1},"f":{"0":1,"1":5,"2":5,"3":5},"b":{},"inputSourceMap":{"version":3,"file":"score.component.js","sourceRoot":"","sources":["/Users/Tobi/development/smart-football-table-ui/src/app/components/score/score.component.ts"],"names":[],"mappings":";AAAA,OAAO,EAAE,SAAS,EAAE,MAAM,eAAe,CAAC;AAC1C,OAAO,EAAE,YAAY,EAAE,MAAM,8BAA8B,CAAC;AAQ5D;IAGE,wBAAoB,YAA0B;QAA9C,iBAQC;QARmB,iBAAY,GAAZ,YAAY,CAAc;QAF9C,WAAM,GAAU,EAAC,KAAK,EAAE,CAAC,CAAC,EAAE,CAAC,CAAC,EAAC,CAAC;QAG9B,YAAY,CAAC,KAAK,CAAC,CAAC,CAAC,CAAC,SAAS,CAAC,UAAA,KAAK;YACnC,KAAI,CAAC,MAAM,CAAC,KAAK,CAAC,CAAC,CAAC,GAAG,KAAK,CAAC;QAC/B,CAAC,CAAC,CAAC;QAEH,YAAY,CAAC,KAAK,CAAC,CAAC,CAAC,CAAC,SAAS,CAAC,UAAA,KAAK;YACnC,KAAI,CAAC,MAAM,CAAC,KAAK,CAAC,CAAC,CAAC,GAAG,KAAK,CAAC;QAC/B,CAAC,CAAC,CAAC;IACL,CAAC;IAXU,cAAc;QAL1B,SAAS,CAAC;YACT,QAAQ,EAAE,WAAW;YACrB,2CAAqC;;SAEtC,CAAC;iDAIkC,YAAY;OAHnC,cAAc,CAY1B;IAAD,qBAAC;CAAA,AAZD,IAYC;SAZY,cAAc","sourcesContent":["import { Component } from '@angular/core';\nimport { ScoreService } from '../../services/score.service';\nimport { Score } from '../../models/score';\n\n@Component({\n  selector: 'app-score',\n  templateUrl: './score.component.html',\n  styleUrls: ['./score.component.scss']\n})\nexport class ScoreComponent {\n  _score: Score = {score: [0, 0]};\n\n  constructor(private scoreService: ScoreService) {\n    scoreService.score(0).subscribe(score => {\n      this._score.score[0] = score;\n    });\n\n    scoreService.score(1).subscribe(score => {\n      this._score.score[1] = score;\n    });\n  }\n}\n"]},"_coverageSchema":"332fd63041d2c1bcb487cc26dd0d5f7d97098a6c","hash":"1b6ee1d2ccf8c393071f7637c46591d14f905c30","l":{"4":1,"6":5,"7":5,"8":5,"9":5,"10":5,"12":5,"13":5,"16":1,"24":1}},
"/Users/Tobi/development/smart-football-table-ui/src/app/services/heatmap.service.ts":{"path":"/Users/Tobi/development/smart-football-table-ui/src/app/services/heatmap.service.ts","statementMap":{"0":{"start":{"line":6,"column":36},"end":{"line":33,"column":3}},"1":{"start":{"line":8,"column":8},"end":{"line":8,"column":39}},"2":{"start":{"line":10,"column":4},"end":{"line":19,"column":6}},"3":{"start":{"line":11,"column":20},"end":{"line":11,"column":24}},"4":{"start":{"line":12,"column":8},"end":{"line":18,"column":12}},"5":{"start":{"line":13,"column":26},"end":{"line":13,"column":52}},"6":{"start":{"line":14,"column":25},"end":{"line":14,"column":43}},"7":{"start":{"line":15,"column":32},"end":{"line":15,"column":81}},"8":{"start":{"line":16,"column":32},"end":{"line":16,"column":81}},"9":{"start":{"line":17,"column":12},"end":{"line":17,"column":62}},"10":{"start":{"line":20,"column":4},"end":{"line":22,"column":6}},"11":{"start":{"line":21,"column":8},"end":{"line":21,"column":114}},"12":{"start":{"line":23,"column":4},"end":{"line":25,"column":6}},"13":{"start":{"line":24,"column":8},"end":{"line":24,"column":45}},"14":{"start":{"line":26,"column":4},"end":{"line":31,"column":23}},"15":{"start":{"line":32,"column":4},"end":{"line":32,"column":26}}},"fnMap":{"0":{"name":"(anonymous_0)","decl":{"start":{"line":6,"column":36},"end":{"line":6,"column":37}},"loc":{"start":{"line":6,"column":48},"end":{"line":33,"column":1}},"line":6},"1":{"name":"HeatmapService","decl":{"start":{"line":7,"column":13},"end":{"line":7,"column":27}},"loc":{"start":{"line":7,"column":41},"end":{"line":9,"column":5}},"line":7},"2":{"name":"(anonymous_2)","decl":{"start":{"line":10,"column":43},"end":{"line":10,"column":44}},"loc":{"start":{"line":10,"column":55},"end":{"line":19,"column":5}},"line":10},"3":{"name":"(anonymous_3)","decl":{"start":{"line":12,"column":76},"end":{"line":12,"column":77}},"loc":{"start":{"line":12,"column":95},"end":{"line":18,"column":9}},"line":12},"4":{"name":"(anonymous_4)","decl":{"start":{"line":20,"column":55},"end":{"line":20,"column":56}},"loc":{"start":{"line":20,"column":75},"end":{"line":22,"column":5}},"line":20},"5":{"name":"(anonymous_5)","decl":{"start":{"line":23,"column":56},"end":{"line":23,"column":57}},"loc":{"start":{"line":23,"column":73},"end":{"line":25,"column":5}},"line":23}},"branchMap":{},"s":{"0":1,"1":5,"2":1,"3":4,"4":4,"5":4,"6":4,"7":4,"8":4,"9":4,"10":1,"11":1,"12":1,"13":8,"14":1,"15":1},"f":{"0":1,"1":5,"2":4,"3":4,"4":1,"5":8},"b":{},"inputSourceMap":{"version":3,"file":"heatmap.service.js","sourceRoot":"","sources":["/Users/Tobi/development/smart-football-table-ui/src/app/services/heatmap.service.ts"],"names":[],"mappings":";AAAA,OAAO,EAAE,UAAU,EAAE,MAAM,eAAe,CAAC;AAC3C,OAAO,EAAc,EAAE,EAAE,MAAM,MAAM,CAAC;AAEtC,OAAO,EAAE,WAAW,EAAE,MAAM,UAAU,CAAC;AACvC,OAAO,EAAE,SAAS,EAAE,MAAM,gBAAgB,CAAC;AAK3C;IAEE,wBAAoB,WAAwB;QAAxB,gBAAW,GAAX,WAAW,CAAa;IAAI,CAAC;IAEjD,oCAAW,GAAX;QAAA,iBAQC;QAPC,OAAO,IAAI,CAAC,WAAW,CAAC,OAAO,CAAC,mBAAmB,CAAC,CAAC,IAAI,CAAC,SAAS,CAAC,UAAA,OAAO;YACzE,IAAM,OAAO,GAAG,OAAO,CAAC,OAAO,CAAC,QAAQ,EAAE,CAAC;YAC3C,IAAM,MAAM,GAAG,OAAO,CAAC,KAAK,CAAC,GAAG,CAAC,CAAC;YAClC,IAAM,aAAa,GAAG,KAAI,CAAC,wBAAwB,CAAC,MAAM,CAAC,MAAM,CAAC,CAAC,CAAC,CAAC,CAAC,CAAC;YACvE,IAAM,aAAa,GAAG,KAAI,CAAC,wBAAwB,CAAC,MAAM,CAAC,MAAM,CAAC,CAAC,CAAC,CAAC,CAAC,CAAC;YACvE,OAAO,EAAE,CAAC,EAAC,CAAC,EAAE,aAAa,EAAE,CAAC,EAAE,aAAa,EAAC,CAAC,CAAC;QAClD,CAAC,CAAC,CAAC,CAAC;IACN,CAAC;IAED,gDAAuB,GAAvB,UAAwB,QAAkB;QACxC,OAAO,IAAI,CAAC,WAAW,CAAC,OAAO,CAAC,mBAAmB,EAAE,QAAQ,CAAC,CAAC,CAAC,QAAQ,EAAE,GAAG,GAAG,GAAG,QAAQ,CAAC,CAAC,CAAC,QAAQ,EAAE,CAAC,CAAC;IAC5G,CAAC;IAEO,iDAAwB,GAAhC,UAAiC,KAAa;QAC5C,OAAO,IAAI,CAAC,KAAK,CAAC,KAAK,GAAG,GAAG,CAAC,GAAG,GAAG,CAAC;IACvC,CAAC;IApBU,cAAc;QAH1B,UAAU,CAAC;YACV,UAAU,EAAE,MAAM;SACnB,CAAC;iDAGiC,WAAW;OAFjC,cAAc,CAqB1B;IAAD,qBAAC;CAAA,AArBD,IAqBC;SArBY,cAAc","sourcesContent":["import { Injectable } from '@angular/core';\nimport { Observable, of } from 'rxjs';\nimport { Position } from '../models/position';\nimport { MqttService } from 'ngx-mqtt';\nimport { switchMap } from 'rxjs/operators';\n\n@Injectable({\n  providedIn: 'root'\n})\nexport class HeatmapService {\n\n  constructor(private mqttService: MqttService) { }\n\n  heatmapData(): Observable<Position> {\n    return this.mqttService.observe('ball/position/rel').pipe(switchMap(message => {\n      const payload = message.payload.toString();\n      const values = payload.split(',');\n      const roundedXValue = this.roundToTwoFractionDigits(Number(values[0]));\n      const roundedYValue = this.roundToTwoFractionDigits(Number(values[1]));\n      return of({x: roundedXValue, y: roundedYValue});\n    }));\n  }\n\n  mockHeatmapDataFromMqtt(position: Position): Observable<void> {\n    return this.mqttService.publish('ball/position/rel', position.x.toString() + ',' + position.y.toString());\n  }\n\n  private roundToTwoFractionDigits(value: number): number {\n    return Math.round(value * 100) / 100;\n  }\n}\n"]},"_coverageSchema":"332fd63041d2c1bcb487cc26dd0d5f7d97098a6c","hash":"d2b89b0f39bd29d2611485a98dab31db68f2c6f2","l":{"6":1,"8":5,"10":1,"11":4,"12":4,"13":4,"14":4,"15":4,"16":4,"17":4,"20":1,"21":1,"23":1,"24":8,"26":1,"32":1}},
"/Users/Tobi/development/smart-football-table-ui/src/environments/environment.ts":{"path":"/Users/Tobi/development/smart-football-table-ui/src/environments/environment.ts","statementMap":{"0":{"start":{"line":4,"column":25},"end":{"line":10,"column":1}}},"fnMap":{},"branchMap":{},"s":{"0":1},"f":{},"b":{},"inputSourceMap":{"version":3,"file":"environment.js","sourceRoot":"","sources":["/Users/Tobi/development/smart-football-table-ui/src/environments/environment.ts"],"names":[],"mappings":"AAAA,gFAAgF;AAChF,0EAA0E;AAC1E,gEAAgE;AAEhE,MAAM,CAAC,IAAM,WAAW,GAAG;IACzB,UAAU,EAAE,KAAK;IACjB,QAAQ,EAAE,WAAW;IACrB,QAAQ,EAAE,IAAI;IACd,cAAc,EAAE,CAAC;IACjB,cAAc,EAAE,EAAE;CACnB,CAAC;AAEF;;;;;;GAMG;AACH,mEAAmE","sourcesContent":["// This file can be replaced during build by using the `fileReplacements` array.\n// `ng build --prod` replaces `environment.ts` with `environment.prod.ts`.\n// The list of file replacements can be found in `angular.json`.\n\nexport const environment = {\n  production: false,\n  mqttHost: 'localhost',\n  mqttPort: 9001,\n  heatmapMinData: 0,\n  heatmapMaxData: 10,\n};\n\n/*\n * For easier debugging in development mode, you can import the following file\n * to ignore zone related error stack frames such as `zone.run`, `zoneDelegate.invokeTask`.\n *\n * This import should be commented out in production mode because it will have a negative impact\n * on performance if an error is thrown.\n */\n// import 'zone.js/dist/zone-error';  // Included with Angular CLI.\n"]},"_coverageSchema":"332fd63041d2c1bcb487cc26dd0d5f7d97098a6c","hash":"766ac8f5e46e9526df857dc5560a838f6bac9570","l":{"4":1}},
"/Users/Tobi/development/smart-football-table-ui/src/app/components/heatmap/heatmap.component.ts":{"path":"/Users/Tobi/development/smart-football-table-ui/src/app/components/heatmap/heatmap.component.ts","statementMap":{"0":{"start":{"line":7,"column":38},"end":{"line":55,"column":3}},"1":{"start":{"line":9,"column":20},"end":{"line":9,"column":24}},"2":{"start":{"line":10,"column":8},"end":{"line":10,"column":45}},"3":{"start":{"line":11,"column":8},"end":{"line":11,"column":49}},"4":{"start":{"line":12,"column":8},"end":{"line":12,"column":26}},"5":{"start":{"line":13,"column":8},"end":{"line":13,"column":25}},"6":{"start":{"line":14,"column":8},"end":{"line":20,"column":11}},"7":{"start":{"line":15,"column":12},"end":{"line":19,"column":13}},"8":{"start":{"line":16,"column":34},"end":{"line":16,"column":58}},"9":{"start":{"line":17,"column":34},"end":{"line":17,"column":59}},"10":{"start":{"line":18,"column":16},"end":{"line":18,"column":92}},"11":{"start":{"line":21,"column":8},"end":{"line":25,"column":11}},"12":{"start":{"line":22,"column":12},"end":{"line":24,"column":13}},"13":{"start":{"line":23,"column":16},"end":{"line":23,"column":126}},"14":{"start":{"line":27,"column":4},"end":{"line":33,"column":6}},"15":{"start":{"line":28,"column":8},"end":{"line":30,"column":11}},"16":{"start":{"line":31,"column":8},"end":{"line":31,"column":68}},"17":{"start":{"line":32,"column":8},"end":{"line":32,"column":68}},"18":{"start":{"line":34,"column":4},"end":{"line":37,"column":57}},"19":{"start":{"line":38,"column":4},"end":{"line":41,"column":53}},"20":{"start":{"line":42,"column":4},"end":{"line":45,"column":52}},"21":{"start":{"line":46,"column":4},"end":{"line":53,"column":25}},"22":{"start":{"line":54,"column":4},"end":{"line":54,"column":28}}},"fnMap":{"0":{"name":"(anonymous_0)","decl":{"start":{"line":7,"column":38},"end":{"line":7,"column":39}},"loc":{"start":{"line":7,"column":50},"end":{"line":55,"column":1}},"line":7},"1":{"name":"HeatmapComponent","decl":{"start":{"line":8,"column":13},"end":{"line":8,"column":29}},"loc":{"start":{"line":8,"column":64},"end":{"line":26,"column":5}},"line":8},"2":{"name":"(anonymous_2)","decl":{"start":{"line":14,"column":52},"end":{"line":14,"column":53}},"loc":{"start":{"line":14,"column":72},"end":{"line":20,"column":9}},"line":14},"3":{"name":"(anonymous_3)","decl":{"start":{"line":21,"column":52},"end":{"line":21,"column":53}},"loc":{"start":{"line":21,"column":64},"end":{"line":25,"column":9}},"line":21},"4":{"name":"(anonymous_4)","decl":{"start":{"line":27,"column":49},"end":{"line":27,"column":50}},"loc":{"start":{"line":27,"column":61},"end":{"line":33,"column":5}},"line":27}},"branchMap":{"0":{"loc":{"start":{"line":15,"column":12},"end":{"line":19,"column":13}},"type":"if","locations":[{"start":{"line":15,"column":12},"end":{"line":19,"column":13}},{"start":{"line":15,"column":12},"end":{"line":19,"column":13}}],"line":15},"1":{"loc":{"start":{"line":22,"column":12},"end":{"line":24,"column":13}},"type":"if","locations":[{"start":{"line":22,"column":12},"end":{"line":24,"column":13}},{"start":{"line":22,"column":12},"end":{"line":24,"column":13}}],"line":22}},"s":{"0":1,"1":4,"2":4,"3":4,"4":4,"5":4,"6":4,"7":4,"8":2,"9":2,"10":2,"11":4,"12":4,"13":2,"14":1,"15":3,"16":3,"17":3,"18":1,"19":1,"20":1,"21":1,"22":1},"f":{"0":1,"1":4,"2":4,"3":4,"4":3},"b":{"0":[2,2],"1":[2,2]},"inputSourceMap":{"version":3,"file":"heatmap.component.js","sourceRoot":"","sources":["/Users/Tobi/development/smart-football-table-ui/src/app/components/heatmap/heatmap.component.ts"],"names":[],"mappings":";AAAA,OAAO,EAAiB,SAAS,EAAE,KAAK,EAAE,SAAS,EAAE,MAAM,eAAe,CAAC;AAC3E,OAAO,EAAE,cAAc,EAAE,MAAM,gCAAgC,CAAC;AAChE,OAAO,KAAK,OAAO,MAAM,YAAY,CAAC;AACtC,OAAO,EAAE,gBAAgB,EAAE,MAAM,mCAAmC,CAAC;AACrE,OAAO,EAAE,WAAW,EAAE,MAAM,mCAAmC,CAAC;AAOhE;IAaE,0BAAoB,cAA8B,EAAU,gBAAkC;QAA9F,iBAcC;QAdmB,mBAAc,GAAd,cAAc,CAAgB;QAAU,qBAAgB,GAAhB,gBAAgB,CAAkB;QAPvF,WAAM,GAAG,GAAG,CAAC;QAGb,UAAK,GAAG,GAAG,CAAC;QAKjB,IAAI,CAAC,cAAc,CAAC,WAAW,EAAE,CAAC,SAAS,CAAC,UAAA,QAAQ;YAClD,IAAI,KAAI,CAAC,eAAe,EAAE;gBACxB,IAAM,WAAW,GAAG,QAAQ,CAAC,CAAC,GAAG,KAAI,CAAC,KAAK,CAAC;gBAC5C,IAAM,WAAW,GAAG,QAAQ,CAAC,CAAC,GAAG,KAAI,CAAC,MAAM,CAAC;gBAC7C,KAAI,CAAC,eAAe,CAAC,OAAO,CAAC,EAAC,CAAC,EAAE,WAAW,EAAE,CAAC,EAAE,WAAW,EAAE,KAAK,EAAE,CAAC,EAAC,CAAC,CAAC;aAC1E;QACH,CAAC,CAAC,CAAC;QAEH,IAAI,CAAC,gBAAgB,CAAC,SAAS,EAAE,CAAC,SAAS,CAAC;YAC1C,IAAI,KAAI,CAAC,eAAe,EAAE;gBACxB,KAAI,CAAC,eAAe,CAAC,OAAO,CAAC,EAAC,GAAG,EAAE,WAAW,CAAC,cAAc,EAAE,GAAG,EAAE,WAAW,CAAC,cAAc,EAAE,IAAI,EAAE,EAAE,EAAC,CAAC,CAAC;aAC5G;QACH,CAAC,CAAC,CAAC;IACL,CAAC;IAED,0CAAe,GAAf;QACE,IAAI,CAAC,eAAe,GAAG,OAAO,CAAC,MAAM,CAAC;YACpC,SAAS,EAAE,IAAI,CAAC,UAAU,CAAC,aAAa;SACzC,CAAC,CAAC;QACH,IAAI,CAAC,eAAe,CAAC,UAAU,CAAC,WAAW,CAAC,cAAc,CAAC,CAAC;QAC5D,IAAI,CAAC,eAAe,CAAC,UAAU,CAAC,WAAW,CAAC,cAAc,CAAC,CAAC;IAC9D,CAAC;IAhCD;QADC,SAAS,CAAC,YAAY,CAAC;;wDACA;IAGxB;QADC,KAAK,EAAE;;oDACY;IAGpB;QADC,KAAK,EAAE;;mDACW;IATR,gBAAgB;QAL5B,SAAS,CAAC;YACT,QAAQ,EAAE,aAAa;YACvB,6CAAuC;;SAExC,CAAC;iDAcoC,cAAc,EAA4B,gBAAgB;OAbnF,gBAAgB,CAoC5B;IAAD,uBAAC;CAAA,AApCD,IAoCC;SApCY,gBAAgB","sourcesContent":["import { AfterViewInit, Component, Input, ViewChild } from '@angular/core';\nimport { HeatmapService } from '../../services/heatmap.service';\nimport * as heatmap from 'heatmap.js';\nimport { GameStateService } from '../../services/game-state.service';\nimport { environment } from '../../../environments/environment';\n\n@Component({\n  selector: 'app-heatmap',\n  templateUrl: './heatmap.component.html',\n  styleUrls: ['./heatmap.component.scss']\n})\nexport class HeatmapComponent implements AfterViewInit {\n\n  @ViewChild('heatmapDiv')\n  private heatmapDiv: any;\n\n  @Input()\n  public height = 250;\n\n  @Input()\n  public width = 870;\n\n  private heatMapInstance;\n\n  constructor(private heatmapService: HeatmapService, private gameStateService: GameStateService) {\n    this.heatmapService.heatmapData().subscribe(position => {\n      if (this.heatMapInstance) {\n        const xTranslated = position.x * this.width;\n        const yTranslated = position.y * this.height;\n        this.heatMapInstance.addData({x: xTranslated, y: yTranslated, value: 1});\n      }\n    });\n\n    this.gameStateService.gameStart().subscribe(() => {\n      if (this.heatMapInstance) {\n        this.heatMapInstance.setData({max: environment.heatmapMaxData, min: environment.heatmapMinData, data: []});\n      }\n    });\n  }\n\n  ngAfterViewInit() {\n    this.heatMapInstance = heatmap.create({\n      container: this.heatmapDiv.nativeElement,\n    });\n    this.heatMapInstance.setDataMin(environment.heatmapMinData);\n    this.heatMapInstance.setDataMax(environment.heatmapMaxData);\n  }\n}\n"]},"_coverageSchema":"332fd63041d2c1bcb487cc26dd0d5f7d97098a6c","hash":"298441d83166f2f413ab649095227aa00100447a","l":{"7":1,"9":4,"10":4,"11":4,"12":4,"13":4,"14":4,"15":4,"16":2,"17":2,"18":2,"21":4,"22":4,"23":2,"27":1,"28":3,"31":3,"32":3,"34":1,"38":1,"42":1,"46":1,"54":1}}}
