TN:
SF:/Users/Tobi/development/smart-football-table-ui/src/polyfills.ts
FNF:0
FNH:0
LF:0
LH:0
BRF:0
BRH:0
end_of_record
TN:
SF:/Users/Tobi/development/smart-football-table-ui/src/test.ts
FNF:0
FNH:0
DA:6,1
DA:8,1
DA:10,1
LF:3
LH:3
BRF:0
BRH:0
end_of_record
TN:
SF:/Users/Tobi/development/smart-football-table-ui/src/app/app.component.ts
FN:4,(anonymous_0)
FNF:1
FNH:1
FNDA:1,(anonymous_0)
DA:3,1
DA:5,1
DA:8,1
LF:3
LH:3
BRF:0
BRH:0
end_of_record
TN:
SF:/Users/Tobi/development/smart-football-table-ui/src/app/services/score.service.ts
FN:7,(anonymous_0)
FN:10,(anonymous_1)
FN:11,(anonymous_2)
FN:15,(anonymous_3)
FN:16,(anonymous_4)
FN:20,(anonymous_5)
FN:23,(anonymous_6)
FN:27,(anonymous_7)
FNF:8
FNH:8
FNDA:5,(anonymous_0)
FNDA:4,(anonymous_1)
FNDA:4,(anonymous_2)
FNDA:1,(anonymous_3)
FNDA:1,(anonymous_4)
FNDA:2,(anonymous_5)
FNDA:1,(anonymous_6)
FNDA:1,(anonymous_7)
DA:6,1
DA:8,5
DA:11,4
DA:12,4
DA:16,1
DA:17,1
DA:21,2
DA:24,1
DA:27,1
DA:30,1
LF:10
LH:10
BRF:0
BRH:0
end_of_record
TN:
SF:/Users/Tobi/development/smart-football-table-ui/src/app/services/game-state.service.ts
FN:7,(anonymous_0)
FN:10,(anonymous_1)
FN:13,(anonymous_2)
FN:14,(anonymous_3)
FN:17,(anonymous_4)
FN:23,(anonymous_5)
FN:26,(anonymous_6)
FN:29,(anonymous_7)
FN:34,(anonymous_8)
FNF:9
FNH:9
FNDA:7,(anonymous_0)
FNDA:6,(anonymous_1)
FNDA:3,(anonymous_2)
FNDA:3,(anonymous_3)
FNDA:3,(anonymous_4)
FNDA:1,(anonymous_5)
FNDA:1,(anonymous_6)
FNDA:1,(anonymous_7)
FNDA:1,(anonymous_8)
DA:6,1
DA:8,7
DA:11,6
DA:14,3
DA:15,3
DA:16,3
DA:17,3
DA:18,3
DA:20,3
DA:24,1
DA:27,1
DA:30,1
DA:31,1
DA:34,1
DA:37,1
LF:15
LH:15
BRF:0
BRH:0
end_of_record
TN:
SF:/Users/Tobi/development/smart-football-table-ui/src/app/components/snack-bar-message/snack-bar-message.component.ts
FN:5,(anonymous_0)
FN:9,(anonymous_1)
FN:12,(anonymous_2)
FNF:3
FNH:3
FNDA:1,(anonymous_0)
FNDA:1,(anonymous_1)
FNDA:2,(anonymous_2)
DA:4,1
DA:6,1
DA:7,1
DA:12,2
DA:15,1
LF:5
LH:5
BRF:0
BRH:0
end_of_record
TN:
SF:/Users/Tobi/development/smart-football-table-ui/src/app/components/dashboard/dashboard.component.ts
FN:8,(anonymous_0)
FN:14,(anonymous_1)
FN:15,(anonymous_2)
FN:19,(anonymous_3)
FN:31,(anonymous_4)
FN:34,(anonymous_5)
FN:39,(anonymous_6)
FN:42,(anonymous_7)
FN:46,(anonymous_8)
FNF:9
FNH:9
FNDA:3,(anonymous_0)
FNDA:2,(anonymous_1)
FNDA:2,(anonymous_2)
FNDA:2,(anonymous_3)
FNDA:2,(anonymous_4)
FNDA:2,(anonymous_5)
FNDA:4,(anonymous_6)
FNDA:2,(anonymous_7)
FNDA:2,(anonymous_8)
DA:7,1
DA:9,3
DA:10,3
DA:11,3
DA:12,3
DA:15,2
DA:16,2
DA:17,2
DA:19,2
DA:21,2
DA:22,0
DA:25,2
DA:27,2
DA:28,2
DA:32,2
DA:35,2
DA:36,2
DA:40,4
DA:43,2
DA:46,2
DA:51,1
LF:21
LH:20
BRDA:21,0,0,0
BRDA:21,0,1,2
BRDA:35,1,0,2
BRDA:35,1,1,0
BRDA:43,2,0,2
BRDA:43,2,1,2
BRF:6
BRH:4
end_of_record
TN:
SF:/Users/Tobi/development/smart-football-table-ui/src/app/services/velocity.service.ts
FN:7,(anonymous_0)
FN:10,(anonymous_1)
FN:11,(anonymous_2)
FN:18,(anonymous_3)
FN:22,(anonymous_4)
FNF:5
FNH:5
FNDA:5,(anonymous_0)
FNDA:3,(anonymous_1)
FNDA:3,(anonymous_2)
FNDA:1,(anonymous_3)
FNDA:1,(anonymous_4)
DA:6,1
DA:8,5
DA:11,3
DA:12,3
DA:13,3
DA:14,3
DA:15,3
DA:19,1
DA:22,1
DA:25,1
LF:10
LH:10
BRF:0
BRH:0
end_of_record
TN:
SF:/Users/Tobi/development/smart-football-table-ui/src/app/components/velocity/velocity.component.ts
FN:6,(anonymous_0)
FN:19,(anonymous_1)
FN:20,(anonymous_2)
FN:21,(anonymous_3)
FN:26,(anonymous_4)
FNF:5
FNH:5
FNDA:5,(anonymous_0)
FNDA:4,(anonymous_1)
FNDA:4,(anonymous_2)
FNDA:4,(anonymous_3)
FNDA:2,(anonymous_4)
DA:5,1
DA:7,5
DA:8,5
DA:9,5
DA:10,5
DA:11,5
DA:12,5
DA:13,5
DA:20,4
DA:21,4
DA:22,4
DA:26,2
DA:30,1
LF:13
LH:13
BRF:0
BRH:0
end_of_record
TN:
SF:/Users/Tobi/development/smart-football-table-ui/src/app/components/score/score.component.ts
FN:6,(anonymous_0)
FN:10,(anonymous_1)
FN:13,(anonymous_2)
FN:17,(anonymous_3)
FN:18,(anonymous_4)
FN:21,(anonymous_5)
FNF:6
FNH:5
FNDA:6,(anonymous_0)
FNDA:6,(anonymous_1)
FNDA:6,(anonymous_2)
FNDA:1,(anonymous_3)
FNDA:0,(anonymous_4)
FNDA:2,(anonymous_5)
DA:5,1
DA:7,6
DA:8,6
DA:9,6
DA:10,6
DA:11,6
DA:13,6
DA:14,6
DA:18,1
DA:21,2
DA:25,1
LF:11
LH:11
BRF:0
BRH:0
end_of_record
TN:
SF:/Users/Tobi/development/smart-football-table-ui/src/app/services/heatmap.service.ts
FN:7,(anonymous_0)
FN:10,(anonymous_1)
FN:11,(anonymous_2)
FN:19,(anonymous_3)
FN:22,(anonymous_4)
FN:26,(anonymous_5)
FNF:6
FNH:6
FNDA:5,(anonymous_0)
FNDA:4,(anonymous_1)
FNDA:4,(anonymous_2)
FNDA:1,(anonymous_3)
FNDA:8,(anonymous_4)
FNDA:1,(anonymous_5)
DA:6,1
DA:8,5
DA:11,4
DA:12,4
DA:13,4
DA:14,4
DA:15,4
DA:16,4
DA:20,1
DA:23,8
DA:26,1
DA:29,1
LF:12
LH:12
BRF:0
BRH:0
end_of_record
TN:
SF:/Users/Tobi/development/smart-football-table-ui/src/environments/environment.ts
FNF:0
FNH:0
DA:4,1
LF:1
LH:1
BRF:0
BRH:0
end_of_record
TN:
SF:/Users/Tobi/development/smart-football-table-ui/src/app/components/heatmap/heatmap.component.ts
FN:8,(anonymous_0)
FN:13,(anonymous_1)
FN:20,(anonymous_2)
FN:26,(anonymous_3)
FN:34,(anonymous_4)
FNF:5
FNH:5
FNDA:4,(anonymous_0)
FNDA:4,(anonymous_1)
FNDA:4,(anonymous_2)
FNDA:3,(anonymous_3)
FNDA:2,(anonymous_4)
DA:7,1
DA:9,4
DA:10,4
DA:11,4
DA:12,4
DA:13,4
DA:14,4
DA:15,2
DA:16,2
DA:17,2
DA:20,4
DA:21,4
DA:22,2
DA:27,3
DA:30,3
DA:31,3
DA:34,2
DA:38,1
DA:42,1
DA:46,1
DA:50,1
LF:21
LH:21
BRDA:14,0,0,2
BRDA:14,0,1,2
BRDA:21,1,0,2
BRDA:21,1,1,2
BRF:4
BRH:4
end_of_record
