TN:
SF:/Users/Tobi/development/smart-football-table-ui/src/polyfills.ts
FNF:0
FNH:0
LF:0
LH:0
BRF:0
BRH:0
end_of_record
TN:
SF:/Users/Tobi/development/smart-football-table-ui/src/test.ts
FNF:0
FNH:0
DA:6,1
DA:8,1
DA:10,1
LF:3
LH:3
BRF:0
BRH:0
end_of_record
TN:
SF:/Users/Tobi/development/smart-football-table-ui/src/app/app.component.ts
FN:3,(anonymous_0)
FN:4,AppComponent
FNF:2
FNH:2
FNDA:1,(anonymous_0)
FNDA:1,AppComponent
DA:3,1
DA:5,1
DA:7,1
DA:14,1
LF:4
LH:4
BRF:0
BRH:0
end_of_record
TN:
SF:/Users/Tobi/development/smart-football-table-ui/src/app/services/score.service.ts
FN:6,(anonymous_0)
FN:7,ScoreService
FN:10,(anonymous_2)
FN:11,(anonymous_3)
FN:15,(anonymous_4)
FN:16,(anonymous_5)
FN:20,(anonymous_6)
FN:23,(anonymous_7)
FNF:8
FNH:8
FNDA:1,(anonymous_0)
FNDA:5,ScoreService
FNDA:4,(anonymous_2)
FNDA:4,(anonymous_3)
FNDA:1,(anonymous_4)
FNDA:1,(anonymous_5)
FNDA:2,(anonymous_6)
FNDA:1,(anonymous_7)
DA:6,1
DA:8,5
DA:10,1
DA:11,4
DA:12,4
DA:15,1
DA:16,1
DA:17,1
DA:20,1
DA:21,2
DA:23,1
DA:24,1
DA:26,1
DA:32,1
LF:14
LH:14
BRF:0
BRH:0
end_of_record
TN:
SF:/Users/Tobi/development/smart-football-table-ui/src/app/services/game-state.service.ts
FN:6,(anonymous_0)
FN:7,GameStateService
FN:10,(anonymous_2)
FN:13,(anonymous_3)
FN:14,(anonymous_4)
FN:17,(anonymous_5)
FN:23,(anonymous_6)
FN:26,(anonymous_7)
FNF:8
FNH:8
FNDA:1,(anonymous_0)
FNDA:6,GameStateService
FNDA:6,(anonymous_2)
FNDA:3,(anonymous_3)
FNDA:3,(anonymous_4)
FNDA:3,(anonymous_5)
FNDA:1,(anonymous_6)
FNDA:1,(anonymous_7)
DA:6,1
DA:8,6
DA:10,1
DA:11,6
DA:13,1
DA:14,3
DA:15,3
DA:16,3
DA:17,3
DA:18,3
DA:20,3
DA:23,1
DA:24,1
DA:26,1
DA:27,1
DA:28,1
DA:30,1
DA:36,1
LF:18
LH:18
BRF:0
BRH:0
end_of_record
TN:
SF:/Users/Tobi/development/smart-football-table-ui/src/app/components/snack-bar-message/snack-bar-message.component.ts
FN:4,(anonymous_0)
FN:5,SnackBarMessageComponent
FN:9,(anonymous_2)
FNF:3
FNH:3
FNDA:1,(anonymous_0)
FNDA:1,SnackBarMessageComponent
FNDA:1,(anonymous_2)
DA:4,1
DA:6,1
DA:7,1
DA:9,1
DA:11,1
DA:20,1
LF:6
LH:6
BRF:0
BRH:0
end_of_record
TN:
SF:/Users/Tobi/development/smart-football-table-ui/src/app/components/dashboard/dashboard.component.ts
FN:7,(anonymous_0)
FN:8,DashboardComponent
FN:14,(anonymous_2)
FN:16,(anonymous_3)
FN:20,(anonymous_4)
FN:32,(anonymous_5)
FN:35,(anonymous_6)
FN:40,(anonymous_7)
FN:43,(anonymous_8)
FNF:9
FNH:9
FNDA:1,(anonymous_0)
FNDA:3,DashboardComponent
FNDA:2,(anonymous_2)
FNDA:2,(anonymous_3)
FNDA:2,(anonymous_4)
FNDA:2,(anonymous_5)
FNDA:2,(anonymous_6)
FNDA:4,(anonymous_7)
FNDA:2,(anonymous_8)
DA:7,1
DA:9,3
DA:10,3
DA:11,3
DA:12,3
DA:14,1
DA:15,2
DA:16,2
DA:17,2
DA:18,2
DA:20,2
DA:22,2
DA:23,0
DA:26,2
DA:28,2
DA:29,2
DA:32,1
DA:33,2
DA:35,1
DA:36,2
DA:37,2
DA:40,1
DA:41,4
DA:43,1
DA:44,2
DA:46,1
DA:56,1
LF:27
LH:26
BRDA:22,0,0,0
BRDA:22,0,1,2
BRDA:36,1,0,2
BRDA:36,1,1,0
BRDA:44,2,0,2
BRDA:44,2,1,2
BRF:6
BRH:4
end_of_record
TN:
SF:/Users/Tobi/development/smart-football-table-ui/src/app/services/velocity.service.ts
FN:6,(anonymous_0)
FN:7,VelocityService
FN:10,(anonymous_2)
FN:11,(anonymous_3)
FN:18,(anonymous_4)
FNF:5
FNH:5
FNDA:1,(anonymous_0)
FNDA:5,VelocityService
FNDA:3,(anonymous_2)
FNDA:3,(anonymous_3)
FNDA:1,(anonymous_4)
DA:6,1
DA:8,5
DA:10,1
DA:11,3
DA:12,3
DA:13,3
DA:14,3
DA:15,3
DA:18,1
DA:19,1
DA:21,1
DA:27,1
LF:12
LH:12
BRF:0
BRH:0
end_of_record
TN:
SF:/Users/Tobi/development/smart-football-table-ui/src/app/components/velocity/velocity.component.ts
FN:5,(anonymous_0)
FN:6,VelocityComponent
FN:11,(anonymous_2)
FN:13,(anonymous_3)
FN:14,(anonymous_4)
FNF:5
FNH:5
FNDA:1,(anonymous_0)
FNDA:5,VelocityComponent
FNDA:4,(anonymous_2)
FNDA:4,(anonymous_3)
FNDA:4,(anonymous_4)
DA:5,1
DA:7,5
DA:8,5
DA:9,5
DA:11,1
DA:12,4
DA:13,4
DA:14,4
DA:15,4
DA:18,1
DA:26,1
LF:11
LH:11
BRF:0
BRH:0
end_of_record
TN:
SF:/Users/Tobi/development/smart-football-table-ui/src/app/components/score/score.component.ts
FN:4,(anonymous_0)
FN:5,ScoreComponent
FN:9,(anonymous_2)
FN:12,(anonymous_3)
FNF:4
FNH:4
FNDA:1,(anonymous_0)
FNDA:5,ScoreComponent
FNDA:5,(anonymous_2)
FNDA:5,(anonymous_3)
DA:4,1
DA:6,5
DA:7,5
DA:8,5
DA:9,5
DA:10,5
DA:12,5
DA:13,5
DA:16,1
DA:24,1
LF:10
LH:10
BRF:0
BRH:0
end_of_record
TN:
SF:/Users/Tobi/development/smart-football-table-ui/src/app/services/heatmap.service.ts
FN:6,(anonymous_0)
FN:7,HeatmapService
FN:10,(anonymous_2)
FN:12,(anonymous_3)
FN:20,(anonymous_4)
FN:23,(anonymous_5)
FNF:6
FNH:6
FNDA:1,(anonymous_0)
FNDA:5,HeatmapService
FNDA:4,(anonymous_2)
FNDA:4,(anonymous_3)
FNDA:1,(anonymous_4)
FNDA:8,(anonymous_5)
DA:6,1
DA:8,5
DA:10,1
DA:11,4
DA:12,4
DA:13,4
DA:14,4
DA:15,4
DA:16,4
DA:17,4
DA:20,1
DA:21,1
DA:23,1
DA:24,8
DA:26,1
DA:32,1
LF:16
LH:16
BRF:0
BRH:0
end_of_record
TN:
SF:/Users/Tobi/development/smart-football-table-ui/src/environments/environment.ts
FNF:0
FNH:0
DA:4,1
LF:1
LH:1
BRF:0
BRH:0
end_of_record
TN:
SF:/Users/Tobi/development/smart-football-table-ui/src/app/components/heatmap/heatmap.component.ts
FN:7,(anonymous_0)
FN:8,HeatmapComponent
FN:14,(anonymous_2)
FN:21,(anonymous_3)
FN:27,(anonymous_4)
FNF:5
FNH:5
FNDA:1,(anonymous_0)
FNDA:4,HeatmapComponent
FNDA:4,(anonymous_2)
FNDA:4,(anonymous_3)
FNDA:3,(anonymous_4)
DA:7,1
DA:9,4
DA:10,4
DA:11,4
DA:12,4
DA:13,4
DA:14,4
DA:15,4
DA:16,2
DA:17,2
DA:18,2
DA:21,4
DA:22,4
DA:23,2
DA:27,1
DA:28,3
DA:31,3
DA:32,3
DA:34,1
DA:38,1
DA:42,1
DA:46,1
DA:54,1
LF:23
LH:23
BRDA:15,0,0,2
BRDA:15,0,1,2
BRDA:22,1,0,2
BRDA:22,1,1,2
BRF:4
BRH:4
end_of_record
